<?xml version="1.0" encoding="UTF-8"?>
<testsuite name="dao.Sql2oStudentDaoTest" tests="8" skipped="0" failures="0" errors="0" timestamp="2023-03-21T11:15:35" hostname="kajela-HP-EliteBook-840-G3" time="0.986">
  <properties/>
  <testcase name="officerIdIsReturnedCorrectly" classname="dao.Sql2oStudentDaoTest" time="0.451"/>
  <testcase name="clearAllClearsAll" classname="dao.Sql2oStudentDaoTest" time="0.114"/>
  <testcase name="addedStudentsAreReturnedFromGetAll" classname="dao.Sql2oStudentDaoTest" time="0.056"/>
  <testcase name="noStudentReturnsEmptyList" classname="dao.Sql2oStudentDaoTest" time="0.061"/>
  <testcase name="existingStudentCanBeFoundById" classname="dao.Sql2oStudentDaoTest" time="0.069"/>
  <testcase name="updateChangesStudentContent" classname="dao.Sql2oStudentDaoTest" time="0.084"/>
  <testcase name="addingStudentSetsId" classname="dao.Sql2oStudentDaoTest" time="0.046"/>
  <testcase name="deleteByIdDeletesCorrectStudent" classname="dao.Sql2oStudentDaoTest" time="0.091"/>
  <system-out><![CDATA[clearing database
clearing database
clearing database
clearing database
clearing database
clearing database
clearing database
clearing database
connection closed
]]></system-out>
  <system-err><![CDATA[]]></system-err>
</testsuite>
