<?xml version="1.0" encoding="UTF-8"?>
<testsuite name="dao.Sql2oStudentDaoTest" tests="8" skipped="0" failures="0" errors="0" timestamp="2023-03-21T17:18:04" hostname="kajela-HP-EliteBook-840-G3" time="1.339">
  <properties/>
  <testcase name="officerIdIsReturnedCorrectly" classname="dao.Sql2oStudentDaoTest" time="0.425"/>
  <testcase name="clearAllClearsAll" classname="dao.Sql2oStudentDaoTest" time="0.203"/>
  <testcase name="addedStudentsAreReturnedFromGetAll" classname="dao.Sql2oStudentDaoTest" time="0.106"/>
  <testcase name="noStudentReturnsEmptyList" classname="dao.Sql2oStudentDaoTest" time="0.043"/>
  <testcase name="existingStudentCanBeFoundById" classname="dao.Sql2oStudentDaoTest" time="0.117"/>
  <testcase name="updateChangesStudentContent" classname="dao.Sql2oStudentDaoTest" time="0.118"/>
  <testcase name="addingStudentSetsId" classname="dao.Sql2oStudentDaoTest" time="0.116"/>
  <testcase name="deleteByIdDeletesCorrectStudent" classname="dao.Sql2oStudentDaoTest" time="0.201"/>
  <system-out><![CDATA[clearing database
clearing database
clearing database
clearing database
clearing database
clearing database
clearing database
clearing database
connection closed
]]></system-out>
  <system-err><![CDATA[]]></system-err>
</testsuite>
